0 info it worked if it ends with ok
1 verbose cli [ 'C:\\Program Files (x86)\\nodejs\\\\node.exe',
1 verbose cli   'C:\\Program Files (x86)\\nodejs\\node_modules\\npm\\bin\\npm-cli.js',
1 verbose cli   'install',
1 verbose cli   'docpad-plugin-cleanurl@2',
1 verbose cli   '--save' ]
2 info using npm@1.4.28
3 info using node@v0.10.32
4 verbose node symlink C:\Program Files (x86)\nodejs\\node.exe
5 warn package.json no-skeleton.docpad@0.1.0 No repository field.
6 verbose readDependencies using package.json deps
7 verbose cache add [ 'docpad-plugin-cleanurl@2', null ]
8 verbose cache add name=undefined spec="docpad-plugin-cleanurl@2" args=["docpad-plugin-cleanurl@2",null]
9 verbose parsed url { protocol: null,
9 verbose parsed url   slashes: null,
9 verbose parsed url   auth: null,
9 verbose parsed url   host: null,
9 verbose parsed url   port: null,
9 verbose parsed url   hostname: null,
9 verbose parsed url   hash: null,
9 verbose parsed url   search: null,
9 verbose parsed url   query: null,
9 verbose parsed url   pathname: 'docpad-plugin-cleanurl@2',
9 verbose parsed url   path: 'docpad-plugin-cleanurl@2',
9 verbose parsed url   href: 'docpad-plugin-cleanurl@2' }
10 verbose cache add name="docpad-plugin-cleanurl" spec="2" args=["docpad-plugin-cleanurl","2"]
11 verbose parsed url { protocol: null,
11 verbose parsed url   slashes: null,
11 verbose parsed url   auth: null,
11 verbose parsed url   host: null,
11 verbose parsed url   port: null,
11 verbose parsed url   hostname: null,
11 verbose parsed url   hash: null,
11 verbose parsed url   search: null,
11 verbose parsed url   query: null,
11 verbose parsed url   pathname: '2',
11 verbose parsed url   path: '2',
11 verbose parsed url   href: '2' }
12 verbose addNamed [ 'docpad-plugin-cleanurl', '2' ]
13 verbose addNamed [ null, '>=2.0.0-0 <3.0.0-0' ]
14 silly lockFile ede0014d-docpad-plugin-cleanurl-2 docpad-plugin-cleanurl@2
15 verbose lock docpad-plugin-cleanurl@2 C:\Users\radzkov\AppData\Roaming\npm-cache\ede0014d-docpad-plugin-cleanurl-2.lock
16 silly addNameRange { name: 'docpad-plugin-cleanurl',
16 silly addNameRange   range: '>=2.0.0-0 <3.0.0-0',
16 silly addNameRange   hasData: false }
17 verbose request where is /docpad-plugin-cleanurl
18 verbose request registry https://registry.npmjs.org/
19 verbose request id c14d3b5674f6d5c5
20 verbose url raw /docpad-plugin-cleanurl
21 verbose url resolving [ 'https://registry.npmjs.org/', './docpad-plugin-cleanurl' ]
22 verbose url resolved https://registry.npmjs.org/docpad-plugin-cleanurl
23 verbose request where is https://registry.npmjs.org/docpad-plugin-cleanurl
24 info trying registry request attempt 1 at 15:16:43
25 http GET https://registry.npmjs.org/docpad-plugin-cleanurl
26 http 404 https://registry.npmjs.org/docpad-plugin-cleanurl
27 verbose headers { date: 'Thu, 29 Jan 2015 12:16:41 GMT',
27 verbose headers   server: 'CouchDB/1.5.0 (Erlang OTP/R16B03)',
27 verbose headers   'content-type': 'application/json',
27 verbose headers   'cache-control': 'max-age=0',
27 verbose headers   'content-length': '52',
27 verbose headers   'accept-ranges': 'bytes',
27 verbose headers   via: '1.1 varnish',
27 verbose headers   age: '0',
27 verbose headers   'x-served-by': 'cache-lhr6330-LHR',
27 verbose headers   'x-cache': 'MISS',
27 verbose headers   'x-cache-hits': '0',
27 verbose headers   'x-timer': 'S1422533800.913381,VS0,VE92',
27 verbose headers   'keep-alive': 'timeout=10, max=50',
27 verbose headers   connection: 'Keep-Alive' }
28 silly registry.get cb [ 404,
28 silly registry.get   { date: 'Thu, 29 Jan 2015 12:16:41 GMT',
28 silly registry.get     server: 'CouchDB/1.5.0 (Erlang OTP/R16B03)',
28 silly registry.get     'content-type': 'application/json',
28 silly registry.get     'cache-control': 'max-age=0',
28 silly registry.get     'content-length': '52',
28 silly registry.get     'accept-ranges': 'bytes',
28 silly registry.get     via: '1.1 varnish',
28 silly registry.get     age: '0',
28 silly registry.get     'x-served-by': 'cache-lhr6330-LHR',
28 silly registry.get     'x-cache': 'MISS',
28 silly registry.get     'x-cache-hits': '0',
28 silly registry.get     'x-timer': 'S1422533800.913381,VS0,VE92',
28 silly registry.get     'keep-alive': 'timeout=10, max=50',
28 silly registry.get     connection: 'Keep-Alive' } ]
29 silly lockFile ede0014d-docpad-plugin-cleanurl-2 docpad-plugin-cleanurl@2
30 silly lockFile ede0014d-docpad-plugin-cleanurl-2 docpad-plugin-cleanurl@2
31 error 404 404 Not Found: docpad-plugin-cleanurl
31 error 404
31 error 404 'docpad-plugin-cleanurl' is not in the npm registry.
31 error 404 You should bug the author to publish it
31 error 404 It was specified as a dependency of 'no-skeleton.docpad'
31 error 404
31 error 404 Note that you can also install from a
31 error 404 tarball, folder, or http url, or git url.
32 error System Windows_NT 6.2.9200
33 error command "C:\\Program Files (x86)\\nodejs\\\\node.exe" "C:\\Program Files (x86)\\nodejs\\node_modules\\npm\\bin\\npm-cli.js" "install" "docpad-plugin-cleanurl@2" "--save"
34 error cwd c:\GitHub\moneytransfer
35 error node -v v0.10.32
36 error npm -v 1.4.28
37 error code E404
38 verbose exit [ 1, true ]
